<?xml version="1.0" encoding="UTF-8"?>
<testsuite name="TestSuite" time="4.416" tests="11" errors="0" skipped="10" failures="1">
  <properties>
    <property name="java.runtime.name" value="Java(TM) SE Runtime Environment"/>
    <property name="sun.boot.library.path" value="C:\Program Files\Java\jdk1.8.0_111\jre\bin"/>
    <property name="java.vm.version" value="25.111-b14"/>
    <property name="java.vm.vendor" value="Oracle Corporation"/>
    <property name="maven.multiModuleProjectDirectory" value="D:\eclipse-workspace\Maven-Demo1"/>
    <property name="java.vendor.url" value="http://java.oracle.com/"/>
    <property name="path.separator" value=";"/>
    <property name="guice.disable.misplaced.annotation.check" value="true"/>
    <property name="java.vm.name" value="Java HotSpot(TM) 64-Bit Server VM"/>
    <property name="file.encoding.pkg" value="sun.io"/>
    <property name="user.script" value=""/>
    <property name="user.country" value="IN"/>
    <property name="sun.java.launcher" value="SUN_STANDARD"/>
    <property name="sun.os.patch.level" value=""/>
    <property name="java.vm.specification.name" value="Java Virtual Machine Specification"/>
    <property name="user.dir" value="D:\eclipse-workspace\Maven-Demo1"/>
    <property name="java.runtime.version" value="1.8.0_111-b14"/>
    <property name="java.awt.graphicsenv" value="sun.awt.Win32GraphicsEnvironment"/>
    <property name="java.endorsed.dirs" value="C:\Program Files\Java\jdk1.8.0_111\jre\lib\endorsed"/>
    <property name="os.arch" value="amd64"/>
    <property name="java.io.tmpdir" value="C:\Users\OM\AppData\Local\Temp\"/>
    <property name="line.separator" value="&#10;"/>
    <property name="java.vm.specification.vendor" value="Oracle Corporation"/>
    <property name="user.variant" value=""/>
    <property name="os.name" value="Windows 8"/>
    <property name="classworlds.conf" value="D:\eclipse-workspace\.metadata\.plugins\org.eclipse.m2e.launching\launches\m2conf8591107147655898360.tmp"/>
    <property name="sun.jnu.encoding" value="Cp1252"/>
    <property name="java.library.path" value="C:\Program Files\Java\jdk1.8.0_111\bin;C:\Windows\Sun\Java\bin;C:\Windows\system32;C:\Windows;C:/Program Files/Java/jre1.8.0_111/bin/server;C:/Program Files/Java/jre1.8.0_111/bin;C:/Program Files/Java/jre1.8.0_111/lib/amd64;C:\oraclexe\app\oracle\product\10.2.0\server\bin;C:\ProgramData\Oracle\Java\javapath;C:\Windows\system32;C:\Windows;C:\Windows\System32\Wbem;C:\Windows\System32\WindowsPowerShell\v1.0\;C:\Program Files (x86)\Universal Extractor;C:\Program Files (x86)\Universal Extractor\bin;C:\Program Files\Java\jdk1.8.0_111\bin;C:\Program Files\Java\jdk1.8.0_111\bin;D:\2019 Soft\sikulijars\libs;G:\eclipse-jee-oxygen-3a-win32-x86_64\eclipse;;."/>
    <property name="java.specification.name" value="Java Platform API Specification"/>
    <property name="java.class.version" value="52.0"/>
    <property name="sun.management.compiler" value="HotSpot 64-Bit Tiered Compilers"/>
    <property name="os.version" value="6.2"/>
    <property name="user.home" value="C:\Users\OM"/>
    <property name="user.timezone" value="Asia/Calcutta"/>
    <property name="java.awt.printerjob" value="sun.awt.windows.WPrinterJob"/>
    <property name="java.specification.version" value="1.8"/>
    <property name="file.encoding" value="Cp1252"/>
    <property name="user.name" value="OM"/>
    <property name="java.class.path" value="G:\eclipse-jee-oxygen-3a-win32-x86_64\eclipse\plugins\org.eclipse.m2e.maven.runtime_1.8.3.20180227-2135\jars\plexus-classworlds-2.5.2.jar"/>
    <property name="java.vm.specification.version" value="1.8"/>
    <property name="sun.arch.data.model" value="64"/>
    <property name="java.home" value="C:\Program Files\Java\jdk1.8.0_111\jre"/>
    <property name="sun.java.command" value="org.codehaus.plexus.classworlds.launcher.Launcher -B install"/>
    <property name="java.specification.vendor" value="Oracle Corporation"/>
    <property name="user.language" value="en"/>
    <property name="awt.toolkit" value="sun.awt.windows.WToolkit"/>
    <property name="java.vm.info" value="mixed mode"/>
    <property name="java.version" value="1.8.0_111"/>
    <property name="java.ext.dirs" value="C:\Program Files\Java\jdk1.8.0_111\jre\lib\ext;C:\Windows\Sun\Java\lib\ext"/>
    <property name="sun.boot.class.path" value="C:\Program Files\Java\jdk1.8.0_111\jre\lib\resources.jar;C:\Program Files\Java\jdk1.8.0_111\jre\lib\rt.jar;C:\Program Files\Java\jdk1.8.0_111\jre\lib\sunrsasign.jar;C:\Program Files\Java\jdk1.8.0_111\jre\lib\jsse.jar;C:\Program Files\Java\jdk1.8.0_111\jre\lib\jce.jar;C:\Program Files\Java\jdk1.8.0_111\jre\lib\charsets.jar;C:\Program Files\Java\jdk1.8.0_111\jre\lib\jfr.jar;C:\Program Files\Java\jdk1.8.0_111\jre\classes"/>
    <property name="java.vendor" value="Oracle Corporation"/>
    <property name="maven.home" value="D:\eclipse-workspace\Maven-Demo1\EMBEDDED"/>
    <property name="file.separator" value="\"/>
    <property name="java.vendor.url.bug" value="http://bugreport.sun.com/bugreport/"/>
    <property name="sun.cpu.endian" value="little"/>
    <property name="sun.io.unicode.encoding" value="UnicodeLittle"/>
    <property name="sun.desktop" value="windows"/>
    <property name="sun.cpu.isalist" value="amd64"/>
  </properties>
  <testcase name="openBrowser" classname="com.model.ProductSortByName" time="4.416">
    <failure message="session not created: This version of ChromeDriver only supports Chrome version 75&#10;Build info: version: &apos;3.141.59&apos;, revision: &apos;e82be7d358&apos;, time: &apos;2018-11-14T08:17:03&apos;&#10;System info: host: &apos;AAI&apos;, ip: &apos;192.168.0.158&apos;, os.name: &apos;Windows 8&apos;, os.arch: &apos;amd64&apos;, os.version: &apos;6.2&apos;, java.version: &apos;1.8.0_111&apos;&#10;Driver info: driver.version: ChromeDriver&#10;remote stacktrace: Backtrace:&#10;	Ordinal0 [0x00CB1B23+1448739]&#10;	Ordinal0 [0x00C35A11+940561]&#10;	Ordinal0 [0x00BC2293+467603]&#10;	Ordinal0 [0x00B5F27E+62078]&#10;	Ordinal0 [0x00B5BBBD+48061]&#10;	Ordinal0 [0x00B78D19+167193]&#10;	Ordinal0 [0x00B788ED+166125]&#10;	Ordinal0 [0x00B76FFB+159739]&#10;	Ordinal0 [0x00B609F6+68086]&#10;	Ordinal0 [0x00B61990+72080]&#10;	Ordinal0 [0x00B61929+71977]&#10;	GetHandleVerifier [0x00DF2E4C+1172140]&#10;	GetHandleVerifier [0x00D4FE35+504469]&#10;	GetHandleVerifier [0x00D4FBD0+503856]&#10;	Ordinal0 [0x00CBC9A8+1493416]&#10;	GetHandleVerifier [0x00D5060A+506474]&#10;	Ordinal0 [0x00C47136+1012022]&#10;	Ordinal0 [0x00C46FAF+1011631]&#10;	Ordinal0 [0x00C5133B+1053499]&#10;	Ordinal0 [0x00C514A3+1053859]&#10;	Ordinal0 [0x00C504D5+1049813]&#10;	BaseThreadInitThunk [0x767E86E3+14]&#10;	RtlInitializeExceptionChain [0x7790BD99+133]&#10;	RtlInitializeExceptionChain [0x7790BD6C+88]&#10;" type="org.openqa.selenium.SessionNotCreatedException"><![CDATA[org.openqa.selenium.SessionNotCreatedException: session not created: This version of ChromeDriver only supports Chrome version 75
Build info: version: '3.141.59', revision: 'e82be7d358', time: '2018-11-14T08:17:03'
System info: host: 'AAI', ip: '192.168.0.158', os.name: 'Windows 8', os.arch: 'amd64', os.version: '6.2', java.version: '1.8.0_111'
Driver info: driver.version: ChromeDriver
remote stacktrace: Backtrace:
	Ordinal0 [0x00CB1B23+1448739]
	Ordinal0 [0x00C35A11+940561]
	Ordinal0 [0x00BC2293+467603]
	Ordinal0 [0x00B5F27E+62078]
	Ordinal0 [0x00B5BBBD+48061]
	Ordinal0 [0x00B78D19+167193]
	Ordinal0 [0x00B788ED+166125]
	Ordinal0 [0x00B76FFB+159739]
	Ordinal0 [0x00B609F6+68086]
	Ordinal0 [0x00B61990+72080]
	Ordinal0 [0x00B61929+71977]
	GetHandleVerifier [0x00DF2E4C+1172140]
	GetHandleVerifier [0x00D4FE35+504469]
	GetHandleVerifier [0x00D4FBD0+503856]
	Ordinal0 [0x00CBC9A8+1493416]
	GetHandleVerifier [0x00D5060A+506474]
	Ordinal0 [0x00C47136+1012022]
	Ordinal0 [0x00C46FAF+1011631]
	Ordinal0 [0x00C5133B+1053499]
	Ordinal0 [0x00C514A3+1053859]
	Ordinal0 [0x00C504D5+1049813]
	BaseThreadInitThunk [0x767E86E3+14]
	RtlInitializeExceptionChain [0x7790BD99+133]
	RtlInitializeExceptionChain [0x7790BD6C+88]

	at sun.reflect.NativeConstructorAccessorImpl.newInstance0(Native Method)
	at sun.reflect.NativeConstructorAccessorImpl.newInstance(NativeConstructorAccessorImpl.java:62)
	at sun.reflect.DelegatingConstructorAccessorImpl.newInstance(DelegatingConstructorAccessorImpl.java:45)
	at java.lang.reflect.Constructor.newInstance(Constructor.java:423)
	at org.openqa.selenium.remote.W3CHandshakeResponse.lambda$errorHandler$0(W3CHandshakeResponse.java:62)
	at org.openqa.selenium.remote.HandshakeResponse.lambda$getResponseFunction$0(HandshakeResponse.java:30)
	at org.openqa.selenium.remote.ProtocolHandshake.lambda$createSession$0(ProtocolHandshake.java:126)
	at java.util.stream.ReferencePipeline$3$1.accept(ReferencePipeline.java:193)
	at java.util.Spliterators$ArraySpliterator.tryAdvance(Spliterators.java:958)
	at java.util.stream.ReferencePipeline.forEachWithCancel(ReferencePipeline.java:126)
	at java.util.stream.AbstractPipeline.copyIntoWithCancel(AbstractPipeline.java:498)
	at java.util.stream.AbstractPipeline.copyInto(AbstractPipeline.java:485)
	at java.util.stream.AbstractPipeline.wrapAndCopyInto(AbstractPipeline.java:471)
	at java.util.stream.FindOps$FindOp.evaluateSequential(FindOps.java:152)
	at java.util.stream.AbstractPipeline.evaluate(AbstractPipeline.java:234)
	at java.util.stream.ReferencePipeline.findFirst(ReferencePipeline.java:464)
	at org.openqa.selenium.remote.ProtocolHandshake.createSession(ProtocolHandshake.java:128)
	at org.openqa.selenium.remote.ProtocolHandshake.createSession(ProtocolHandshake.java:74)
	at org.openqa.selenium.remote.HttpCommandExecutor.execute(HttpCommandExecutor.java:136)
	at org.openqa.selenium.remote.service.DriverCommandExecutor.execute(DriverCommandExecutor.java:83)
	at org.openqa.selenium.remote.RemoteWebDriver.execute(RemoteWebDriver.java:552)
	at org.openqa.selenium.remote.RemoteWebDriver.startSession(RemoteWebDriver.java:213)
	at org.openqa.selenium.remote.RemoteWebDriver.<init>(RemoteWebDriver.java:131)
	at org.openqa.selenium.chrome.ChromeDriver.<init>(ChromeDriver.java:181)
	at org.openqa.selenium.chrome.ChromeDriver.<init>(ChromeDriver.java:168)
	at org.openqa.selenium.chrome.ChromeDriver.<init>(ChromeDriver.java:123)
	at com.model.ProductSortByName.openBrowser(ProductSortByName.java:27)
]]></failure>
    <system-err><![CDATA[Starting ChromeDriver 75.0.3770.90 (a6dcaf7e3ec6f70a194cc25e8149475c6590e025-refs/branch-heads/3770@{#1003}) on port 32874
Only local connections are allowed.
Please protect ports used by ChromeDriver and related test frameworks to prevent access by malicious code.
]]></system-err>
  </testcase>
  <testcase name="openApplicationURL" classname="com.model.ProductSortByName" time="0">
    <skipped/>
  </testcase>
  <testcase name="maximizeBrowser" classname="com.model.ProductSortByName" time="0">
    <skipped/>
  </testcase>
  <testcase name="getAllCookies" classname="com.model.ProductSortByName" time="0">
    <skipped/>
  </testcase>
  <testcase name="getAllCookies" classname="com.model.ProductSortByName" time="0">
    <skipped/>
  </testcase>
  <testcase name="getAllCookies" classname="com.model.ProductSortByName" time="0">
    <skipped/>
  </testcase>
  <testcase name="getAllCookies" classname="com.model.ProductSortByName" time="0">
    <skipped/>
  </testcase>
  <testcase name="getTitleOfGuru99" classname="com.model.ProductSortByName" time="0">
    <skipped/>
  </testcase>
  <testcase name="clickOnMobile" classname="com.model.ProductSortByName" time="0">
    <skipped/>
  </testcase>
  <testcase name="getTitleOf2Page" classname="com.model.ProductSortByName" time="0">
    <skipped/>
  </testcase>
  <testcase name="sortByName" classname="com.model.ProductSortByName" time="0">
    <skipped/>
  </testcase>
</testsuite>